──── 2026-07-08 20:16:40 启动 AI 雷达本地更新 ────
═══ AI 新闻雷达 · 每日更新 ═══
  时间: 2026-07-08 20:16:40
  模式: 正式 (推送到 COS)

  📡 拉取 AI HOT 数据...
  📊 获取到 25 条资讯

  📝 更新 HTML...
  ✅ 已注入 25 条资讯到 /Users/likun/Projects/appin-site/ai-radar/index.html

  ☁️ 推送到 COS...
  ✅ 已推送到 COS: ai-radar/index.html

  🎉 完成！
update.py 退出码: 0
git 存档已推送
──── 2026-07-08 20:16:45 结束 ────
──── 2026-07-09 08:30:05 启动 AI 雷达本地更新 ────
═══ AI 新闻雷达 · 每日更新 ═══
  时间: 2026-07-09 08:30:05
  模式: 正式 (推送到 COS)

  📡 拉取 AI HOT 数据...
  ⚠️ 第 1/3 次拉取失败: <urlopen error [SSL: CERTIFICATE_VERIFY_FAILED] certificate verify failed: Hostname mismatch, certificate is not valid for 'aihot.virxact.com'. (_ssl.c:1032)>
  ⚠️ 第 2/3 次拉取失败: <urlopen error [SSL: CERTIFICATE_VERIFY_FAILED] certificate verify failed: Hostname mismatch, certificate is not valid for 'aihot.virxact.com'. (_ssl.c:1032)>
  ⚠️ 第 3/3 次拉取失败: <urlopen error [SSL: CERTIFICATE_VERIFY_FAILED] certificate verify failed: Hostname mismatch, certificate is not valid for 'aihot.virxact.com'. (_ssl.c:1032)>
  ❌ AI HOT API 连续 3 次拉取失败（最后一次: <urlopen error [SSL: CERTIFICATE_VERIFY_FAILED] certificate verify failed: Hostname mismatch, certificate is not valid for 'aihot.virxact.com'. (_ssl.c:1032)>）
  ⚠️ API 调用失败，跳过本次更新（保留昨日数据，不改动 index.html）
update.py 退出码: 0
git 存档已推送
──── 2026-07-09 08:30:26 结束 ────
──── 2026-07-12 11:09:43 启动 AI 雷达本地更新 ────
═══ AI 新闻雷达 · 每日更新 ═══
  时间: 2026-07-12 11:09:48
  模式: 正式 (推送到 COS)

  📡 拉取 AI HOT 数据...
  📊 获取到 9 条资讯

  📝 更新 HTML...
  ✅ 已注入 9 条资讯到 /Users/likun/Projects/appin-site/ai-radar/index.html

  ✅ 已直接更新本地 index.html（阿里云站点即时生效，无需推送）

  🎉 完成！
update.py 退出码: 0
git 存档跳过(无变化或推送失败，不影响线上 COS)
──── 2026-07-12 11:09:53 结束 ────
